app/build/outputs/logs/manifest-merger-debug-report.txt
-- Merging decision tree log ---
manifest
ADDED from src\main\AndroidManifest.xml:1:1-35:12
	package
		ADDED from src\main\AndroidManifest.xml:2:5-34
		INJECTED from src\main\AndroidManifest.xml
		INJECTED from src\main\AndroidManifest.xml
	android:versionName
		ADDED from src\main\AndroidManifest.xml:4:5-30
		INJECTED from src\main\AndroidManifest.xml
		INJECTED from src\main\AndroidManifest.xml
	android:versionCode
		ADDED from src\main\AndroidManifest.xml:3:5-28
		INJECTED from src\main\AndroidManifest.xml
		INJECTED from src\main\AndroidManifest.xml
	xmlns:android
		ADDED from src\main\AndroidManifest.xml:1:11-69
uses-sdk
ADDED from src\main\AndroidManifest.xml:6:5-8:41
MERGED from [com.android.support:support-v4:22.0.0] AndroidManifest.xml:20:5-43
	android:targetSdkVersion
		ADDED from src\main\AndroidManifest.xml:8:9-38
		INJECTED from src\main\AndroidManifest.xml
		INJECTED from src\main\AndroidManifest.xml
	android:minSdkVersion
		ADDED from src\main\AndroidManifest.xml:7:9-35
		INJECTED from src\main\AndroidManifest.xml
		INJECTED from src\main\AndroidManifest.xml
application
ADDED from src\main\AndroidManifest.xml:10:5-33:19
MERGED from [com.android.support:support-v4:22.0.0] AndroidManifest.xml:22:5-20
	android:label
		ADDED from src\main\AndroidManifest.xml:12:9-41
	android:icon
		ADDED from src\main\AndroidManifest.xml:11:9-45
	android:theme
		ADDED from src\main\AndroidManifest.xml:13:9-40
activity#com.landi.apisample.MainActivity
ADDED from src\main\AndroidManifest.xml:14:9-22:20
	android:label
		ADDED from src\main\AndroidManifest.xml:16:13-56
	android:name
		ADDED from src\main\AndroidManifest.xml:15:13-41
intent-filter#android.intent.action.MAIN+android.intent.category.LAUNCHER
ADDED from src\main\AndroidManifest.xml:17:13-21:29
action#android.intent.action.MAIN
ADDED from src\main\AndroidManifest.xml:18:17-69
	android:name
		ADDED from src\main\AndroidManifest.xml:18:25-66
category#android.intent.category.LAUNCHER
ADDED from src\main\AndroidManifest.xml:20:17-77
	android:name
		ADDED from src\main\AndroidManifest.xml:20:27-74
activity#com.landi.apisample.activity.MagCardActivity
ADDED from src\main\AndroidManifest.xml:23:9-111
	android:label
		ADDED from src\main\AndroidManifest.xml:23:60-99
	android:name
		ADDED from src\main\AndroidManifest.xml:23:19-59
activity#com.landi.apisample.activity.ContactICCardActivity
ADDED from src\main\AndroidManifest.xml:24:9-124
	android:label
		ADDED from src\main\AndroidManifest.xml:24:66-112
	android:name
		ADDED from src\main\AndroidManifest.xml:24:19-65
activity#com.landi.apisample.activity.RFCardActivity
ADDED from src\main\AndroidManifest.xml:25:9-109
	android:label
		ADDED from src\main\AndroidManifest.xml:25:59-97
	android:name
		ADDED from src\main\AndroidManifest.xml:25:19-58
activity#com.landi.apisample.activity.PrinterActivity
ADDED from src\main\AndroidManifest.xml:26:9-110
	android:label
		ADDED from src\main\AndroidManifest.xml:26:60-98
	android:name
		ADDED from src\main\AndroidManifest.xml:26:19-59
activity#com.landi.apisample.activity.SerialPortActivity
ADDED from src\main\AndroidManifest.xml:27:9-117
	android:label
		ADDED from src\main\AndroidManifest.xml:27:63-105
	android:name
		ADDED from src\main\AndroidManifest.xml:27:19-62
activity#com.landi.apisample.activity.CashBoxActivity
ADDED from src\main\AndroidManifest.xml:28:9-110
	android:label
		ADDED from src\main\AndroidManifest.xml:28:60-98
	android:name
		ADDED from src\main\AndroidManifest.xml:28:19-59
activity#com.landi.apisample.activity.InnerScannerActivity
ADDED from src\main\AndroidManifest.xml:29:9-121
	android:label
		ADDED from src\main\AndroidManifest.xml:29:65-109
	android:name
		ADDED from src\main\AndroidManifest.xml:29:19-64
activity#com.landi.apisample.activity.ScannerActivity
ADDED from src\main\AndroidManifest.xml:30:9-110
	android:label
		ADDED from src\main\AndroidManifest.xml:30:60-98
	android:name
		ADDED from src\main\AndroidManifest.xml:30:19-59
activity#com.landi.apisample.activity.ModemActivity
ADDED from src\main\AndroidManifest.xml:31:9-106
	android:label
		ADDED from src\main\AndroidManifest.xml:31:58-94
	android:name
		ADDED from src\main\AndroidManifest.xml:31:19-57